<?xml version="1.0" encoding="UTF-8"?>
<coverage generated="1715626346229" clover="3.2.0">
  <project timestamp="1715626346229" name="All files">
    <metrics statements="123" coveredstatements="115" conditionals="26" coveredconditionals="23" methods="31" coveredmethods="29" elements="180" coveredelements="167" complexity="0" loc="123" ncloc="123" packages="10" files="13" classes="13"/>
    <package name="api.services">
      <metrics statements="20" coveredstatements="20" conditionals="3" coveredconditionals="2" methods="4" coveredmethods="4"/>
      <file name="categoriesById.service.ts" path="C:\Users\Mg45m\Documents\Prueba tecnica mercadoLibre\technical-test-meli\src\api\services\categoriesById.service.ts">
        <metrics statements="6" coveredstatements="6" conditionals="1" coveredconditionals="1" methods="2" coveredmethods="2"/>
        <line num="1" count="2" type="cond" truecount="1" falsecount="0"/>
        <line num="2" count="3" type="stmt"/>
        <line num="6" count="3" type="stmt"/>
        <line num="7" count="3" type="stmt"/>
        <line num="8" count="6" type="stmt"/>
        <line num="11" count="3" type="stmt"/>
      </file>
      <file name="products.service.ts" path="C:\Users\Mg45m\Documents\Prueba tecnica mercadoLibre\technical-test-meli\src\api\services\products.service.ts">
        <metrics statements="6" coveredstatements="6" conditionals="0" coveredconditionals="0" methods="1" coveredmethods="1"/>
        <line num="1" count="2" type="stmt"/>
        <line num="3" count="2" type="stmt"/>
        <line num="4" count="1" type="stmt"/>
        <line num="5" count="1" type="stmt"/>
        <line num="8" count="1" type="stmt"/>
        <line num="10" count="1" type="stmt"/>
      </file>
      <file name="productsById.service.ts" path="C:\Users\Mg45m\Documents\Prueba tecnica mercadoLibre\technical-test-meli\src\api\services\productsById.service.ts">
        <metrics statements="8" coveredstatements="8" conditionals="2" coveredconditionals="1" methods="1" coveredmethods="1"/>
        <line num="1" count="2" type="stmt"/>
        <line num="2" count="1" type="stmt"/>
        <line num="3" count="1" type="stmt"/>
        <line num="7" count="1" type="stmt"/>
        <line num="8" count="1" type="stmt"/>
        <line num="10" count="1" type="stmt"/>
        <line num="15" count="1" type="stmt"/>
        <line num="31" count="1" type="stmt"/>
      </file>
    </package>
    <package name="api.utils">
      <metrics statements="14" coveredstatements="14" conditionals="4" coveredconditionals="4" methods="7" coveredmethods="7"/>
      <file name="utils.ts" path="C:\Users\Mg45m\Documents\Prueba tecnica mercadoLibre\technical-test-meli\src\api\utils\utils.ts">
        <metrics statements="14" coveredstatements="14" conditionals="4" coveredconditionals="4" methods="7" coveredmethods="7"/>
        <line num="1" count="3" type="stmt"/>
        <line num="2" count="3" type="stmt"/>
        <line num="8" count="3" type="stmt"/>
        <line num="9" count="6" type="stmt"/>
        <line num="11" count="6" type="stmt"/>
        <line num="12" count="4" type="cond" truecount="1" falsecount="0"/>
        <line num="13" count="3" type="stmt"/>
        <line num="14" count="3" type="stmt"/>
        <line num="15" count="3" type="cond" truecount="3" falsecount="0"/>
        <line num="16" count="2" type="stmt"/>
        <line num="17" count="5" type="stmt"/>
        <line num="24" count="6" type="stmt"/>
        <line num="27" count="3" type="stmt"/>
        <line num="28" count="4" type="stmt"/>
      </file>
    </package>
    <package name="components.BreadCrumbs">
      <metrics statements="9" coveredstatements="8" conditionals="5" coveredconditionals="5" methods="3" coveredmethods="2"/>
      <file name="BreadCrumbsComponent.tsx" path="C:\Users\Mg45m\Documents\Prueba tecnica mercadoLibre\technical-test-meli\src\components\BreadCrumbs\BreadCrumbsComponent.tsx">
        <metrics statements="9" coveredstatements="8" conditionals="5" coveredconditionals="5" methods="3" coveredmethods="2"/>
        <line num="1" count="3" type="stmt"/>
        <line num="2" count="3" type="stmt"/>
        <line num="4" count="3" type="stmt"/>
        <line num="5" count="9" type="stmt"/>
        <line num="6" count="9" type="stmt"/>
        <line num="8" count="9" type="cond" truecount="3" falsecount="0"/>
        <line num="10" count="4" type="stmt"/>
        <line num="14" count="8" type="stmt"/>
        <line num="17" count="0" type="stmt"/>
      </file>
    </package>
    <package name="components.DetailProductCard">
      <metrics statements="5" coveredstatements="5" conditionals="0" coveredconditionals="0" methods="1" coveredmethods="1"/>
      <file name="DetailProductCardComponent.tsx" path="C:\Users\Mg45m\Documents\Prueba tecnica mercadoLibre\technical-test-meli\src\components\DetailProductCard\DetailProductCardComponent.tsx">
        <metrics statements="5" coveredstatements="5" conditionals="0" coveredconditionals="0" methods="1" coveredmethods="1"/>
        <line num="1" count="2" type="stmt"/>
        <line num="2" count="2" type="stmt"/>
        <line num="4" count="2" type="stmt"/>
        <line num="5" count="2" type="stmt"/>
        <line num="7" count="2" type="stmt"/>
      </file>
    </package>
    <package name="components.Header">
      <metrics statements="16" coveredstatements="15" conditionals="1" coveredconditionals="1" methods="4" coveredmethods="3"/>
      <file name="HeaderComponent.tsx" path="C:\Users\Mg45m\Documents\Prueba tecnica mercadoLibre\technical-test-meli\src\components\Header\HeaderComponent.tsx">
        <metrics statements="16" coveredstatements="15" conditionals="1" coveredconditionals="1" methods="4" coveredmethods="3"/>
        <line num="1" count="4" type="stmt"/>
        <line num="2" count="4" type="stmt"/>
        <line num="3" count="4" type="stmt"/>
        <line num="5" count="4" type="stmt"/>
        <line num="6" count="12" type="stmt"/>
        <line num="8" count="12" type="stmt"/>
        <line num="10" count="12" type="stmt"/>
        <line num="11" count="12" type="stmt"/>
        <line num="13" count="12" type="stmt"/>
        <line num="14" count="1" type="stmt"/>
        <line num="15" count="1" type="cond" truecount="1" falsecount="0"/>
        <line num="16" count="1" type="stmt"/>
        <line num="20" count="12" type="stmt"/>
        <line num="21" count="1" type="stmt"/>
        <line num="24" count="12" type="stmt"/>
        <line num="31" count="0" type="stmt"/>
      </file>
    </package>
    <package name="components.ProductCard">
      <metrics statements="6" coveredstatements="6" conditionals="0" coveredconditionals="0" methods="1" coveredmethods="1"/>
      <file name="ProductCardComponent.tsx" path="C:\Users\Mg45m\Documents\Prueba tecnica mercadoLibre\technical-test-meli\src\components\ProductCard\ProductCardComponent.tsx">
        <metrics statements="6" coveredstatements="6" conditionals="0" coveredconditionals="0" methods="1" coveredmethods="1"/>
        <line num="1" count="2" type="stmt"/>
        <line num="2" count="2" type="stmt"/>
        <line num="3" count="2" type="stmt"/>
        <line num="5" count="2" type="stmt"/>
        <line num="11" count="6" type="stmt"/>
        <line num="13" count="6" type="stmt"/>
      </file>
    </package>
    <package name="pages.DetailProduct">
      <metrics statements="24" coveredstatements="19" conditionals="5" coveredconditionals="3" methods="3" coveredmethods="3"/>
      <file name="DetailProduct.tsx" path="C:\Users\Mg45m\Documents\Prueba tecnica mercadoLibre\technical-test-meli\src\pages\DetailProduct\DetailProduct.tsx">
        <metrics statements="24" coveredstatements="19" conditionals="5" coveredconditionals="3" methods="3" coveredmethods="3"/>
        <line num="1" count="1" type="stmt"/>
        <line num="2" count="1" type="stmt"/>
        <line num="3" count="1" type="stmt"/>
        <line num="4" count="1" type="stmt"/>
        <line num="5" count="1" type="stmt"/>
        <line num="6" count="1" type="stmt"/>
        <line num="7" count="1" type="stmt"/>
        <line num="8" count="1" type="stmt"/>
        <line num="10" count="1" type="stmt"/>
        <line num="11" count="1" type="stmt"/>
        <line num="12" count="1" type="stmt"/>
        <line num="13" count="1" type="stmt"/>
        <line num="14" count="1" type="stmt"/>
        <line num="16" count="1" type="stmt"/>
        <line num="17" count="1" type="stmt"/>
        <line num="18" count="1" type="stmt"/>
        <line num="19" count="1" type="cond" truecount="0" falsecount="1"/>
        <line num="20" count="0" type="stmt"/>
        <line num="21" count="0" type="stmt"/>
        <line num="24" count="0" type="stmt"/>
        <line num="31" count="0" type="stmt"/>
        <line num="34" count="0" type="stmt"/>
        <line num="41" count="1" type="stmt"/>
        <line num="44" count="1" type="stmt"/>
      </file>
    </package>
    <package name="pages.ResultSearch">
      <metrics statements="23" coveredstatements="22" conditionals="6" coveredconditionals="6" methods="5" coveredmethods="5"/>
      <file name="ResultSearchPage.tsx" path="C:\Users\Mg45m\Documents\Prueba tecnica mercadoLibre\technical-test-meli\src\pages\ResultSearch\ResultSearchPage.tsx">
        <metrics statements="23" coveredstatements="22" conditionals="6" coveredconditionals="6" methods="5" coveredmethods="5"/>
        <line num="1" count="1" type="stmt"/>
        <line num="2" count="1" type="stmt"/>
        <line num="3" count="1" type="stmt"/>
        <line num="4" count="1" type="stmt"/>
        <line num="5" count="1" type="stmt"/>
        <line num="6" count="1" type="stmt"/>
        <line num="7" count="1" type="stmt"/>
        <line num="9" count="1" type="stmt"/>
        <line num="10" count="5" type="stmt"/>
        <line num="11" count="5" type="stmt"/>
        <line num="12" count="5" type="stmt"/>
        <line num="13" count="5" type="stmt"/>
        <line num="15" count="5" type="stmt"/>
        <line num="16" count="3" type="stmt"/>
        <line num="17" count="3" type="stmt"/>
        <line num="18" count="3" type="cond" truecount="2" falsecount="0"/>
        <line num="19" count="3" type="stmt"/>
        <line num="21" count="0" type="stmt"/>
        <line num="25" count="3" type="stmt"/>
        <line num="28" count="5" type="stmt"/>
        <line num="29" count="2" type="stmt"/>
        <line num="32" count="4" type="stmt"/>
        <line num="42" count="5" type="stmt"/>
      </file>
    </package>
    <package name="pages.Search">
      <metrics statements="3" coveredstatements="3" conditionals="0" coveredconditionals="0" methods="1" coveredmethods="1"/>
      <file name="SearchPage.tsx" path="C:\Users\Mg45m\Documents\Prueba tecnica mercadoLibre\technical-test-meli\src\pages\Search\SearchPage.tsx">
        <metrics statements="3" coveredstatements="3" conditionals="0" coveredconditionals="0" methods="1" coveredmethods="1"/>
        <line num="1" count="1" type="stmt"/>
        <line num="3" count="1" type="stmt"/>
        <line num="4" count="2" type="stmt"/>
      </file>
    </package>
    <package name="utils">
      <metrics statements="3" coveredstatements="3" conditionals="2" coveredconditionals="2" methods="2" coveredmethods="2"/>
      <file name="formattedCondition.ts" path="C:\Users\Mg45m\Documents\Prueba tecnica mercadoLibre\technical-test-meli\src\utils\formattedCondition.ts">
        <metrics statements="2" coveredstatements="2" conditionals="2" coveredconditionals="2" methods="1" coveredmethods="1"/>
        <line num="1" count="4" type="stmt"/>
        <line num="2" count="8" type="cond" truecount="2" falsecount="0"/>
      </file>
      <file name="formattedPrice.ts" path="C:\Users\Mg45m\Documents\Prueba tecnica mercadoLibre\technical-test-meli\src\utils\formattedPrice.ts">
        <metrics statements="1" coveredstatements="1" conditionals="0" coveredconditionals="0" methods="1" coveredmethods="1"/>
        <line num="1" count="6" type="stmt"/>
      </file>
    </package>
  </project>
</coverage>
