{"C:\\Users\\Mg45m\\Documents\\Prueba tecnica mercadoLibre\\technical-test-meli\\src\\api\\services\\categoriesById.service.ts": {"path":"C:\\Users\\Mg45m\\Documents\\Prueba tecnica mercadoLibre\\technical-test-meli\\src\\api\\services\\categoriesById.service.ts","statementMap":{"0":{"start":{"line":1,"column":33},"end":{"line":14,"column":1}},"1":{"start":{"line":2,"column":26},"end":{"line":3,"column":null}},"2":{"start":{"line":6,"column":30},"end":{"line":6,"column":58}},"3":{"start":{"line":7,"column":21},"end":{"line":8,"column":null}},"4":{"start":{"line":8,"column":28},"end":{"line":8,"column":41}},"5":{"start":{"line":11,"column":2},"end":{"line":13,"column":4}},"6":{"start":{"line":1,"column":13},"end":{"line":1,"column":33}}},"fnMap":{"0":{"name":"(anonymous_0)","decl":{"start":{"line":1,"column":33},"end":{"line":1,"column":38}},"loc":{"start":{"line":1,"column":59},"end":{"line":14,"column":1}}},"1":{"name":"(anonymous_1)","decl":{"start":{"line":8,"column":4},"end":{"line":8,"column":5}},"loc":{"start":{"line":8,"column":28},"end":{"line":8,"column":41}}}},"branchMap":{"0":{"loc":{"start":{"line":1,"column":40},"end":{"line":1,"column":55}},"type":"default-arg","locations":[{"start":{"line":1,"column":53},"end":{"line":1,"column":55}}]}},"s":{"0":2,"1":3,"2":3,"3":3,"4":6,"5":3,"6":2},"f":{"0":3,"1":6},"b":{"0":[1]}}
,"C:\\Users\\Mg45m\\Documents\\Prueba tecnica mercadoLibre\\technical-test-meli\\src\\api\\services\\products.service.ts": {"path":"C:\\Users\\Mg45m\\Documents\\Prueba tecnica mercadoLibre\\technical-test-meli\\src\\api\\services\\products.service.ts","statementMap":{"0":{"start":{"line":1,"column":0},"end":{"line":1,"column":71}},"1":{"start":{"line":3,"column":27},"end":{"line":16,"column":1}},"2":{"start":{"line":4,"column":2},"end":{"line":15,"column":20}},"3":{"start":{"line":5,"column":21},"end":{"line":6,"column":null}},"4":{"start":{"line":8,"column":19},"end":{"line":8,"column":40}},"5":{"start":{"line":10,"column":4},"end":{"line":14,"column":6}},"6":{"start":{"line":3,"column":13},"end":{"line":3,"column":27}}},"fnMap":{"0":{"name":"(anonymous_0)","decl":{"start":{"line":3,"column":27},"end":{"line":3,"column":32}},"loc":{"start":{"line":3,"column":57},"end":{"line":16,"column":1}}}},"branchMap":{},"s":{"0":2,"1":2,"2":1,"3":1,"4":1,"5":1,"6":2},"f":{"0":1},"b":{}}
,"C:\\Users\\Mg45m\\Documents\\Prueba tecnica mercadoLibre\\technical-test-meli\\src\\api\\services\\productsById.service.ts": {"path":"C:\\Users\\Mg45m\\Documents\\Prueba tecnica mercadoLibre\\technical-test-meli\\src\\api\\services\\productsById.service.ts","statementMap":{"0":{"start":{"line":1,"column":27},"end":{"line":35,"column":1}},"1":{"start":{"line":2,"column":18},"end":{"line":2,"column":73}},"2":{"start":{"line":3,"column":29},"end":{"line":4,"column":null}},"3":{"start":{"line":7,"column":22},"end":{"line":7,"column":42}},"4":{"start":{"line":8,"column":26},"end":{"line":8,"column":57}},"5":{"start":{"line":10,"column":25},"end":{"line":13,"column":4}},"6":{"start":{"line":15,"column":21},"end":{"line":29,"column":4}},"7":{"start":{"line":31,"column":2},"end":{"line":34,"column":4}},"8":{"start":{"line":1,"column":13},"end":{"line":1,"column":27}}},"fnMap":{"0":{"name":"(anonymous_0)","decl":{"start":{"line":1,"column":27},"end":{"line":1,"column":32}},"loc":{"start":{"line":1,"column":77},"end":{"line":35,"column":1}}}},"branchMap":{"0":{"loc":{"start":{"line":23,"column":13},"end":{"line":23,"column":79}},"type":"cond-expr","locations":[{"start":{"line":23,"column":47},"end":{"line":23,"column":74}},{"start":{"line":23,"column":77},"end":{"line":23,"column":79}}]}},"s":{"0":2,"1":1,"2":1,"3":1,"4":1,"5":1,"6":1,"7":1,"8":2},"f":{"0":1},"b":{"0":[1,0]}}
,"C:\\Users\\Mg45m\\Documents\\Prueba tecnica mercadoLibre\\technical-test-meli\\src\\api\\utils\\utils.ts": {"path":"C:\\Users\\Mg45m\\Documents\\Prueba tecnica mercadoLibre\\technical-test-meli\\src\\api\\utils\\utils.ts","statementMap":{"0":{"start":{"line":1,"column":25},"end":{"line":6,"column":1}},"1":{"start":{"line":2,"column":2},"end":{"line":5,"column":4}},"2":{"start":{"line":1,"column":13},"end":{"line":1,"column":25}},"3":{"start":{"line":8,"column":32},"end":{"line":25,"column":1}},"4":{"start":{"line":9,"column":34},"end":{"line":9,"column":36}},"5":{"start":{"line":11,"column":2},"end":{"line":22,"column":5}},"6":{"start":{"line":12,"column":4},"end":{"line":21,"column":5}},"7":{"start":{"line":13,"column":6},"end":{"line":20,"column":9}},"8":{"start":{"line":14,"column":29},"end":{"line":14,"column":49}},"9":{"start":{"line":15,"column":8},"end":{"line":19,"column":9}},"10":{"start":{"line":16,"column":10},"end":{"line":18,"column":13}},"11":{"start":{"line":17,"column":12},"end":{"line":17,"column":46}},"12":{"start":{"line":24,"column":2},"end":{"line":24,"column":23}},"13":{"start":{"line":8,"column":13},"end":{"line":8,"column":32}},"14":{"start":{"line":27,"column":24},"end":{"line":41,"column":1}},"15":{"start":{"line":28,"column":2},"end":{"line":40,"column":6}},"16":{"start":{"line":28,"column":37},"end":{"line":40,"column":4}},"17":{"start":{"line":27,"column":13},"end":{"line":27,"column":24}}},"fnMap":{"0":{"name":"(anonymous_0)","decl":{"start":{"line":1,"column":25},"end":{"line":1,"column":36}},"loc":{"start":{"line":1,"column":38},"end":{"line":6,"column":1}}},"1":{"name":"(anonymous_1)","decl":{"start":{"line":8,"column":32},"end":{"line":8,"column":33}},"loc":{"start":{"line":8,"column":72},"end":{"line":25,"column":1}}},"2":{"name":"(anonymous_2)","decl":{"start":{"line":11,"column":18},"end":{"line":11,"column":19}},"loc":{"start":{"line":11,"column":29},"end":{"line":22,"column":3}}},"3":{"name":"(anonymous_3)","decl":{"start":{"line":13,"column":28},"end":{"line":13,"column":29}},"loc":{"start":{"line":13,"column":38},"end":{"line":20,"column":7}}},"4":{"name":"(anonymous_4)","decl":{"start":{"line":16,"column":31},"end":{"line":16,"column":32}},"loc":{"start":{"line":16,"column":44},"end":{"line":18,"column":11}}},"5":{"name":"(anonymous_5)","decl":{"start":{"line":27,"column":24},"end":{"line":27,"column":25}},"loc":{"start":{"line":27,"column":61},"end":{"line":41,"column":1}}},"6":{"name":"(anonymous_6)","decl":{"start":{"line":28,"column":22},"end":{"line":28,"column":23}},"loc":{"start":{"line":28,"column":37},"end":{"line":40,"column":4}}}},"branchMap":{"0":{"loc":{"start":{"line":12,"column":4},"end":{"line":21,"column":5}},"type":"if","locations":[{"start":{"line":12,"column":4},"end":{"line":21,"column":5}}]},"1":{"loc":{"start":{"line":15,"column":8},"end":{"line":19,"column":9}},"type":"if","locations":[{"start":{"line":15,"column":8},"end":{"line":19,"column":9}}]},"2":{"loc":{"start":{"line":15,"column":12},"end":{"line":15,"column":51}},"type":"binary-expr","locations":[{"start":{"line":15,"column":12},"end":{"line":15,"column":24}},{"start":{"line":15,"column":28},"end":{"line":15,"column":51}}]}},"s":{"0":3,"1":3,"2":3,"3":3,"4":6,"5":6,"6":4,"7":3,"8":3,"9":3,"10":2,"11":5,"12":6,"13":3,"14":3,"15":2,"16":4,"17":3},"f":{"0":3,"1":6,"2":4,"3":3,"4":5,"5":2,"6":4},"b":{"0":[3],"1":[2],"2":[3,3]}}
,"C:\\Users\\Mg45m\\Documents\\Prueba tecnica mercadoLibre\\technical-test-meli\\src\\components\\BreadCrumbs\\BreadCrumbsComponent.tsx": {"path":"C:\\Users\\Mg45m\\Documents\\Prueba tecnica mercadoLibre\\technical-test-meli\\src\\components\\BreadCrumbs\\BreadCrumbsComponent.tsx","statementMap":{"0":{"start":{"line":1,"column":0},"end":{"line":1,"column":47}},"1":{"start":{"line":2,"column":0},"end":{"line":2,"column":37}},"2":{"start":{"line":4,"column":27},"end":{"line":27,"column":1}},"3":{"start":{"line":5,"column":19},"end":{"line":5,"column":32}},"4":{"start":{"line":6,"column":20},"end":{"line":6,"column":43}},"5":{"start":{"line":8,"column":2},"end":{"line":8,"column":58}},"6":{"start":{"line":8,"column":46},"end":{"line":8,"column":58}},"7":{"start":{"line":10,"column":2},"end":{"line":26,"column":4}},"8":{"start":{"line":14,"column":10},"end":{"line":14,"column":null}},"9":{"start":{"line":17,"column":29},"end":{"line":17,"column":63}},"10":{"start":{"line":4,"column":13},"end":{"line":4,"column":27}}},"fnMap":{"0":{"name":"(anonymous_0)","decl":{"start":{"line":4,"column":27},"end":{"line":4,"column":28}},"loc":{"start":{"line":4,"column":64},"end":{"line":27,"column":1}}},"1":{"name":"(anonymous_1)","decl":{"start":{"line":13,"column":24},"end":{"line":13,"column":25}},"loc":{"start":{"line":14,"column":10},"end":{"line":14,"column":null}}},"2":{"name":"(anonymous_2)","decl":{"start":{"line":17,"column":23},"end":{"line":17,"column":26}},"loc":{"start":{"line":17,"column":29},"end":{"line":17,"column":63}}}},"branchMap":{"0":{"loc":{"start":{"line":8,"column":2},"end":{"line":8,"column":58}},"type":"if","locations":[{"start":{"line":8,"column":2},"end":{"line":8,"column":58}}]},"1":{"loc":{"start":{"line":8,"column":6},"end":{"line":8,"column":44}},"type":"binary-expr","locations":[{"start":{"line":8,"column":6},"end":{"line":8,"column":17}},{"start":{"line":8,"column":21},"end":{"line":8,"column":44}}]},"2":{"loc":{"start":{"line":21,"column":13},"end":{"line":21,"column":51}},"type":"binary-expr","locations":[{"start":{"line":21,"column":13},"end":{"line":21,"column":42}},{"start":{"line":21,"column":46},"end":{"line":21,"column":51}}]}},"s":{"0":3,"1":3,"2":3,"3":9,"4":9,"5":9,"6":5,"7":4,"8":8,"9":0,"10":3},"f":{"0":9,"1":8,"2":0},"b":{"0":[5],"1":[9,9],"2":[8,4]}}
,"C:\\Users\\Mg45m\\Documents\\Prueba tecnica mercadoLibre\\technical-test-meli\\src\\components\\DetailProductCard\\DetailProductCardComponent.tsx": {"path":"C:\\Users\\Mg45m\\Documents\\Prueba tecnica mercadoLibre\\technical-test-meli\\src\\components\\DetailProductCard\\DetailProductCardComponent.tsx","statementMap":{"0":{"start":{"line":1,"column":0},"end":{"line":1,"column":65}},"1":{"start":{"line":2,"column":0},"end":{"line":2,"column":43}},"2":{"start":{"line":4,"column":33},"end":{"line":31,"column":1}},"3":{"start":{"line":5,"column":20},"end":{"line":5,"column":31}},"4":{"start":{"line":7,"column":2},"end":{"line":30,"column":4}},"5":{"start":{"line":4,"column":13},"end":{"line":4,"column":33}}},"fnMap":{"0":{"name":"(anonymous_0)","decl":{"start":{"line":4,"column":33},"end":{"line":4,"column":34}},"loc":{"start":{"line":4,"column":48},"end":{"line":31,"column":1}}}},"branchMap":{},"s":{"0":2,"1":2,"2":2,"3":2,"4":2,"5":2},"f":{"0":2},"b":{}}
,"C:\\Users\\Mg45m\\Documents\\Prueba tecnica mercadoLibre\\technical-test-meli\\src\\components\\Header\\HeaderComponent.tsx": {"path":"C:\\Users\\Mg45m\\Documents\\Prueba tecnica mercadoLibre\\technical-test-meli\\src\\components\\Header\\HeaderComponent.tsx","statementMap":{"0":{"start":{"line":1,"column":0},"end":{"line":1,"column":57}},"1":{"start":{"line":2,"column":0},"end":{"line":2,"column":47}},"2":{"start":{"line":3,"column":0},"end":{"line":3,"column":32}},"3":{"start":{"line":5,"column":31},"end":{"line":53,"column":1}},"4":{"start":{"line":6,"column":20},"end":{"line":6,"column":32}},"5":{"start":{"line":8,"column":4},"end":{"line":8,"column":126}},"6":{"start":{"line":10,"column":19},"end":{"line":10,"column":32}},"7":{"start":{"line":11,"column":38},"end":{"line":11,"column":50}},"8":{"start":{"line":13,"column":27},"end":{"line":18,"column":3}},"9":{"start":{"line":14,"column":4},"end":{"line":14,"column":27}},"10":{"start":{"line":15,"column":4},"end":{"line":17,"column":5}},"11":{"start":{"line":16,"column":6},"end":{"line":16,"column":46}},"12":{"start":{"line":20,"column":28},"end":{"line":22,"column":3}},"13":{"start":{"line":21,"column":4},"end":{"line":21,"column":38}},"14":{"start":{"line":24,"column":2},"end":{"line":52,"column":4}},"15":{"start":{"line":31,"column":27},"end":{"line":31,"column":40}},"16":{"start":{"line":5,"column":13},"end":{"line":5,"column":31}}},"fnMap":{"0":{"name":"(anonymous_0)","decl":{"start":{"line":5,"column":31},"end":{"line":5,"column":34}},"loc":{"start":{"line":5,"column":36},"end":{"line":53,"column":1}}},"1":{"name":"(anonymous_1)","decl":{"start":{"line":13,"column":27},"end":{"line":13,"column":28}},"loc":{"start":{"line":13,"column":65},"end":{"line":18,"column":3}}},"2":{"name":"(anonymous_2)","decl":{"start":{"line":20,"column":28},"end":{"line":20,"column":29}},"loc":{"start":{"line":20,"column":69},"end":{"line":22,"column":3}}},"3":{"name":"(anonymous_3)","decl":{"start":{"line":31,"column":21},"end":{"line":31,"column":24}},"loc":{"start":{"line":31,"column":27},"end":{"line":31,"column":40}}}},"branchMap":{"0":{"loc":{"start":{"line":15,"column":4},"end":{"line":17,"column":5}},"type":"if","locations":[{"start":{"line":15,"column":4},"end":{"line":17,"column":5}}]}},"s":{"0":4,"1":4,"2":4,"3":4,"4":12,"5":12,"6":12,"7":12,"8":12,"9":1,"10":1,"11":1,"12":12,"13":1,"14":12,"15":0,"16":4},"f":{"0":12,"1":1,"2":1,"3":0},"b":{"0":[1]}}
,"C:\\Users\\Mg45m\\Documents\\Prueba tecnica mercadoLibre\\technical-test-meli\\src\\components\\ProductCard\\ProductCardComponent.tsx": {"path":"C:\\Users\\Mg45m\\Documents\\Prueba tecnica mercadoLibre\\technical-test-meli\\src\\components\\ProductCard\\ProductCardComponent.tsx","statementMap":{"0":{"start":{"line":1,"column":0},"end":{"line":1,"column":65}},"1":{"start":{"line":2,"column":0},"end":{"line":2,"column":60}},"2":{"start":{"line":3,"column":0},"end":{"line":3,"column":37}},"3":{"start":{"line":5,"column":36},"end":{"line":31,"column":1}},"4":{"start":{"line":11,"column":20},"end":{"line":11,"column":39}},"5":{"start":{"line":13,"column":2},"end":{"line":30,"column":4}},"6":{"start":{"line":5,"column":13},"end":{"line":5,"column":36}}},"fnMap":{"0":{"name":"(anonymous_0)","decl":{"start":{"line":5,"column":36},"end":{"line":5,"column":37}},"loc":{"start":{"line":10,"column":11},"end":{"line":31,"column":1}}}},"branchMap":{},"s":{"0":2,"1":2,"2":2,"3":2,"4":6,"5":6,"6":2},"f":{"0":6},"b":{}}
,"C:\\Users\\Mg45m\\Documents\\Prueba tecnica mercadoLibre\\technical-test-meli\\src\\pages\\DetailProduct\\DetailProduct.tsx": {"path":"C:\\Users\\Mg45m\\Documents\\Prueba tecnica mercadoLibre\\technical-test-meli\\src\\pages\\DetailProduct\\DetailProduct.tsx","statementMap":{"0":{"start":{"line":1,"column":0},"end":{"line":1,"column":44}},"1":{"start":{"line":2,"column":0},"end":{"line":2,"column":74}},"2":{"start":{"line":3,"column":0},"end":{"line":3,"column":70}},"3":{"start":{"line":4,"column":0},"end":{"line":4,"column":80}},"4":{"start":{"line":5,"column":0},"end":{"line":5,"column":78}},"5":{"start":{"line":6,"column":0},"end":{"line":6,"column":98}},"6":{"start":{"line":7,"column":0},"end":{"line":7,"column":47}},"7":{"start":{"line":8,"column":0},"end":{"line":8,"column":30}},"8":{"start":{"line":10,"column":29},"end":{"line":57,"column":1}},"9":{"start":{"line":11,"column":20},"end":{"line":11,"column":38}},"10":{"start":{"line":12,"column":34},"end":{"line":12,"column":75}},"11":{"start":{"line":13,"column":19},"end":{"line":13,"column":32}},"12":{"start":{"line":14,"column":20},"end":{"line":14,"column":54}},"13":{"start":{"line":16,"column":2},"end":{"line":42,"column":18}},"14":{"start":{"line":17,"column":29},"end":{"line":39,"column":5}},"15":{"start":{"line":18,"column":6},"end":{"line":38,"column":7}},"16":{"start":{"line":19,"column":8},"end":{"line":32,"column":9}},"17":{"start":{"line":20,"column":26},"end":{"line":20,"column":54}},"18":{"start":{"line":21,"column":36},"end":{"line":22,"column":null}},"19":{"start":{"line":24,"column":57},"end":{"line":30,"column":12}},"20":{"start":{"line":31,"column":10},"end":{"line":31,"column":42}},"21":{"start":{"line":34,"column":8},"end":{"line":37,"column":10}},"22":{"start":{"line":41,"column":4},"end":{"line":41,"column":23}},"23":{"start":{"line":44,"column":2},"end":{"line":56,"column":4}},"24":{"start":{"line":10,"column":13},"end":{"line":10,"column":29}}},"fnMap":{"0":{"name":"(anonymous_0)","decl":{"start":{"line":10,"column":29},"end":{"line":10,"column":32}},"loc":{"start":{"line":10,"column":34},"end":{"line":57,"column":1}}},"1":{"name":"(anonymous_1)","decl":{"start":{"line":16,"column":12},"end":{"line":16,"column":15}},"loc":{"start":{"line":16,"column":17},"end":{"line":42,"column":3}}},"2":{"name":"(anonymous_2)","decl":{"start":{"line":17,"column":29},"end":{"line":17,"column":34}},"loc":{"start":{"line":17,"column":40},"end":{"line":39,"column":5}}}},"branchMap":{"0":{"loc":{"start":{"line":19,"column":8},"end":{"line":32,"column":9}},"type":"if","locations":[{"start":{"line":19,"column":8},"end":{"line":32,"column":9}}]},"1":{"loc":{"start":{"line":49,"column":35},"end":{"line":49,"column":66}},"type":"binary-expr","locations":[{"start":{"line":49,"column":35},"end":{"line":49,"column":60}},{"start":{"line":49,"column":64},"end":{"line":49,"column":66}}]},"2":{"loc":{"start":{"line":52,"column":11},"end":{"line":52,"column":63}},"type":"binary-expr","locations":[{"start":{"line":52,"column":11},"end":{"line":52,"column":19}},{"start":{"line":52,"column":23},"end":{"line":52,"column":63}}]}},"s":{"0":1,"1":1,"2":1,"3":1,"4":1,"5":1,"6":1,"7":1,"8":1,"9":1,"10":1,"11":1,"12":1,"13":1,"14":1,"15":1,"16":1,"17":0,"18":0,"19":0,"20":0,"21":0,"22":1,"23":1,"24":1},"f":{"0":1,"1":1,"2":1},"b":{"0":[0],"1":[1,1],"2":[1,0]}}
,"C:\\Users\\Mg45m\\Documents\\Prueba tecnica mercadoLibre\\technical-test-meli\\src\\pages\\ResultSearch\\ResultSearchPage.tsx": {"path":"C:\\Users\\Mg45m\\Documents\\Prueba tecnica mercadoLibre\\technical-test-meli\\src\\pages\\ResultSearch\\ResultSearchPage.tsx","statementMap":{"0":{"start":{"line":1,"column":0},"end":{"line":1,"column":44}},"1":{"start":{"line":2,"column":0},"end":{"line":2,"column":66}},"2":{"start":{"line":3,"column":0},"end":{"line":3,"column":74}},"3":{"start":{"line":4,"column":0},"end":{"line":4,"column":80}},"4":{"start":{"line":5,"column":0},"end":{"line":5,"column":89}},"5":{"start":{"line":6,"column":0},"end":{"line":6,"column":53}},"6":{"start":{"line":7,"column":0},"end":{"line":7,"column":33}},"7":{"start":{"line":9,"column":32},"end":{"line":55,"column":1}},"8":{"start":{"line":10,"column":20},"end":{"line":10,"column":40}},"9":{"start":{"line":11,"column":19},"end":{"line":11,"column":32}},"10":{"start":{"line":12,"column":23},"end":{"line":12,"column":73}},"11":{"start":{"line":13,"column":34},"end":{"line":13,"column":76}},"12":{"start":{"line":15,"column":2},"end":{"line":26,"column":21}},"13":{"start":{"line":16,"column":30},"end":{"line":23,"column":5}},"14":{"start":{"line":17,"column":6},"end":{"line":22,"column":7}},"15":{"start":{"line":18,"column":30},"end":{"line":18,"column":67}},"16":{"start":{"line":19,"column":8},"end":{"line":19,"column":35}},"17":{"start":{"line":21,"column":8},"end":{"line":21,"column":68}},"18":{"start":{"line":25,"column":4},"end":{"line":25,"column":24}},"19":{"start":{"line":28,"column":28},"end":{"line":40,"column":3}},"20":{"start":{"line":29,"column":4},"end":{"line":39,"column":6}},"21":{"start":{"line":32,"column":10},"end":{"line":32,"column":31}},"22":{"start":{"line":42,"column":2},"end":{"line":54,"column":4}},"23":{"start":{"line":9,"column":13},"end":{"line":9,"column":32}}},"fnMap":{"0":{"name":"(anonymous_0)","decl":{"start":{"line":9,"column":32},"end":{"line":9,"column":35}},"loc":{"start":{"line":9,"column":37},"end":{"line":55,"column":1}}},"1":{"name":"(anonymous_1)","decl":{"start":{"line":15,"column":12},"end":{"line":15,"column":15}},"loc":{"start":{"line":15,"column":17},"end":{"line":26,"column":3}}},"2":{"name":"(anonymous_2)","decl":{"start":{"line":16,"column":30},"end":{"line":16,"column":35}},"loc":{"start":{"line":16,"column":41},"end":{"line":23,"column":5}}},"3":{"name":"(anonymous_3)","decl":{"start":{"line":28,"column":28},"end":{"line":28,"column":31}},"loc":{"start":{"line":28,"column":33},"end":{"line":40,"column":3}}},"4":{"name":"(anonymous_4)","decl":{"start":{"line":31,"column":30},"end":{"line":31,"column":31}},"loc":{"start":{"line":32,"column":10},"end":{"line":32,"column":31}}}},"branchMap":{"0":{"loc":{"start":{"line":18,"column":48},"end":{"line":18,"column":66}},"type":"binary-expr","locations":[{"start":{"line":18,"column":48},"end":{"line":18,"column":60}},{"start":{"line":18,"column":64},"end":{"line":18,"column":66}}]},"1":{"loc":{"start":{"line":47,"column":35},"end":{"line":47,"column":61}},"type":"binary-expr","locations":[{"start":{"line":47,"column":35},"end":{"line":47,"column":55}},{"start":{"line":47,"column":59},"end":{"line":47,"column":61}}]},"2":{"loc":{"start":{"line":50,"column":11},"end":{"line":50,"column":42}},"type":"binary-expr","locations":[{"start":{"line":50,"column":11},"end":{"line":50,"column":19}},{"start":{"line":50,"column":23},"end":{"line":50,"column":42}}]}},"s":{"0":1,"1":1,"2":1,"3":1,"4":1,"5":1,"6":1,"7":1,"8":5,"9":5,"10":5,"11":5,"12":5,"13":3,"14":3,"15":3,"16":3,"17":0,"18":3,"19":5,"20":2,"21":4,"22":5,"23":1},"f":{"0":5,"1":3,"2":3,"3":2,"4":4},"b":{"0":[3,3],"1":[5,3],"2":[5,2]}}
,"C:\\Users\\Mg45m\\Documents\\Prueba tecnica mercadoLibre\\technical-test-meli\\src\\pages\\Search\\SearchPage.tsx": {"path":"C:\\Users\\Mg45m\\Documents\\Prueba tecnica mercadoLibre\\technical-test-meli\\src\\pages\\Search\\SearchPage.tsx","statementMap":{"0":{"start":{"line":1,"column":0},"end":{"line":1,"column":74}},"1":{"start":{"line":3,"column":26},"end":{"line":7,"column":1}},"2":{"start":{"line":4,"column":2},"end":{"line":6,"column":4}},"3":{"start":{"line":3,"column":13},"end":{"line":3,"column":26}}},"fnMap":{"0":{"name":"(anonymous_0)","decl":{"start":{"line":3,"column":26},"end":{"line":3,"column":29}},"loc":{"start":{"line":3,"column":31},"end":{"line":7,"column":1}}}},"branchMap":{},"s":{"0":1,"1":1,"2":2,"3":1},"f":{"0":2},"b":{}}
,"C:\\Users\\Mg45m\\Documents\\Prueba tecnica mercadoLibre\\technical-test-meli\\src\\utils\\formattedCondition.ts": {"path":"C:\\Users\\Mg45m\\Documents\\Prueba tecnica mercadoLibre\\technical-test-meli\\src\\utils\\formattedCondition.ts","statementMap":{"0":{"start":{"line":1,"column":31},"end":{"line":2,"column":41}},"1":{"start":{"line":2,"column":2},"end":{"line":2,"column":41}},"2":{"start":{"line":1,"column":13},"end":{"line":1,"column":31}}},"fnMap":{"0":{"name":"(anonymous_0)","decl":{"start":{"line":1,"column":31},"end":{"line":1,"column":32}},"loc":{"start":{"line":2,"column":2},"end":{"line":2,"column":41}}}},"branchMap":{"0":{"loc":{"start":{"line":2,"column":2},"end":{"line":2,"column":41}},"type":"cond-expr","locations":[{"start":{"line":2,"column":24},"end":{"line":2,"column":31}},{"start":{"line":2,"column":34},"end":{"line":2,"column":41}}]}},"s":{"0":4,"1":8,"2":4},"f":{"0":8},"b":{"0":[4,4]}}
,"C:\\Users\\Mg45m\\Documents\\Prueba tecnica mercadoLibre\\technical-test-meli\\src\\utils\\formattedPrice.ts": {"path":"C:\\Users\\Mg45m\\Documents\\Prueba tecnica mercadoLibre\\technical-test-meli\\src\\utils\\formattedPrice.ts","statementMap":{"0":{"start":{"line":1,"column":30},"end":{"line":1,"column":67}},"1":{"start":{"line":1,"column":48},"end":{"line":1,"column":67}},"2":{"start":{"line":1,"column":13},"end":{"line":1,"column":30}}},"fnMap":{"0":{"name":"(anonymous_0)","decl":{"start":{"line":1,"column":30},"end":{"line":1,"column":31}},"loc":{"start":{"line":1,"column":48},"end":{"line":1,"column":67}}}},"branchMap":{},"s":{"0":2,"1":6,"2":2},"f":{"0":6},"b":{}}
}
