TN:
SF:src\api\services\categoriesById.service.ts
FN:1,(anonymous_0)
FN:8,(anonymous_1)
FNF:2
FNH:2
FNDA:3,(anonymous_0)
FNDA:6,(anonymous_1)
DA:1,2
DA:2,3
DA:6,3
DA:7,3
DA:8,6
DA:11,3
LF:6
LH:6
BRDA:1,0,0,1
BRF:1
BRH:1
end_of_record
TN:
SF:src\api\services\products.service.ts
FN:3,(anonymous_0)
FNF:1
FNH:1
FNDA:1,(anonymous_0)
DA:1,2
DA:3,2
DA:4,1
DA:5,1
DA:8,1
DA:10,1
LF:6
LH:6
BRF:0
BRH:0
end_of_record
TN:
SF:src\api\services\productsById.service.ts
FN:1,(anonymous_0)
FNF:1
FNH:1
FNDA:1,(anonymous_0)
DA:1,2
DA:2,1
DA:3,1
DA:7,1
DA:8,1
DA:10,1
DA:15,1
DA:31,1
LF:8
LH:8
BRDA:23,0,0,1
BRDA:23,0,1,0
BRF:2
BRH:1
end_of_record
TN:
SF:src\api\utils\utils.ts
FN:1,(anonymous_0)
FN:8,(anonymous_1)
FN:11,(anonymous_2)
FN:13,(anonymous_3)
FN:16,(anonymous_4)
FN:27,(anonymous_5)
FN:28,(anonymous_6)
FNF:7
FNH:7
FNDA:3,(anonymous_0)
FNDA:6,(anonymous_1)
FNDA:4,(anonymous_2)
FNDA:3,(anonymous_3)
FNDA:5,(anonymous_4)
FNDA:2,(anonymous_5)
FNDA:4,(anonymous_6)
DA:1,3
DA:2,3
DA:8,3
DA:9,6
DA:11,6
DA:12,4
DA:13,3
DA:14,3
DA:15,3
DA:16,2
DA:17,5
DA:24,6
DA:27,3
DA:28,4
LF:14
LH:14
BRDA:12,0,0,3
BRDA:15,1,0,2
BRDA:15,2,0,3
BRDA:15,2,1,3
BRF:4
BRH:4
end_of_record
TN:
SF:src\components\BreadCrumbs\BreadCrumbsComponent.tsx
FN:4,(anonymous_0)
FN:13,(anonymous_1)
FN:17,(anonymous_2)
FNF:3
FNH:2
FNDA:9,(anonymous_0)
FNDA:8,(anonymous_1)
FNDA:0,(anonymous_2)
DA:1,3
DA:2,3
DA:4,3
DA:5,9
DA:6,9
DA:8,9
DA:10,4
DA:14,8
DA:17,0
LF:9
LH:8
BRDA:8,0,0,5
BRDA:8,1,0,9
BRDA:8,1,1,9
BRDA:21,2,0,8
BRDA:21,2,1,4
BRF:5
BRH:5
end_of_record
TN:
SF:src\components\DetailProductCard\DetailProductCardComponent.tsx
FN:4,(anonymous_0)
FNF:1
FNH:1
FNDA:2,(anonymous_0)
DA:1,2
DA:2,2
DA:4,2
DA:5,2
DA:7,2
LF:5
LH:5
BRF:0
BRH:0
end_of_record
TN:
SF:src\components\Header\HeaderComponent.tsx
FN:5,(anonymous_0)
FN:13,(anonymous_1)
FN:20,(anonymous_2)
FN:31,(anonymous_3)
FNF:4
FNH:3
FNDA:12,(anonymous_0)
FNDA:1,(anonymous_1)
FNDA:1,(anonymous_2)
FNDA:0,(anonymous_3)
DA:1,4
DA:2,4
DA:3,4
DA:5,4
DA:6,12
DA:8,12
DA:10,12
DA:11,12
DA:13,12
DA:14,1
DA:15,1
DA:16,1
DA:20,12
DA:21,1
DA:24,12
DA:31,0
LF:16
LH:15
BRDA:15,0,0,1
BRF:1
BRH:1
end_of_record
TN:
SF:src\components\ProductCard\ProductCardComponent.tsx
FN:5,(anonymous_0)
FNF:1
FNH:1
FNDA:6,(anonymous_0)
DA:1,2
DA:2,2
DA:3,2
DA:5,2
DA:11,6
DA:13,6
LF:6
LH:6
BRF:0
BRH:0
end_of_record
TN:
SF:src\pages\DetailProduct\DetailProduct.tsx
FN:10,(anonymous_0)
FN:16,(anonymous_1)
FN:17,(anonymous_2)
FNF:3
FNH:3
FNDA:1,(anonymous_0)
FNDA:1,(anonymous_1)
FNDA:1,(anonymous_2)
DA:1,1
DA:2,1
DA:3,1
DA:4,1
DA:5,1
DA:6,1
DA:7,1
DA:8,1
DA:10,1
DA:11,1
DA:12,1
DA:13,1
DA:14,1
DA:16,1
DA:17,1
DA:18,1
DA:19,1
DA:20,0
DA:21,0
DA:24,0
DA:31,0
DA:34,0
DA:41,1
DA:44,1
LF:24
LH:19
BRDA:19,0,0,0
BRDA:49,1,0,1
BRDA:49,1,1,1
BRDA:52,2,0,1
BRDA:52,2,1,0
BRF:5
BRH:3
end_of_record
TN:
SF:src\pages\ResultSearch\ResultSearchPage.tsx
FN:9,(anonymous_0)
FN:15,(anonymous_1)
FN:16,(anonymous_2)
FN:28,(anonymous_3)
FN:31,(anonymous_4)
FNF:5
FNH:5
FNDA:5,(anonymous_0)
FNDA:3,(anonymous_1)
FNDA:3,(anonymous_2)
FNDA:2,(anonymous_3)
FNDA:4,(anonymous_4)
DA:1,1
DA:2,1
DA:3,1
DA:4,1
DA:5,1
DA:6,1
DA:7,1
DA:9,1
DA:10,5
DA:11,5
DA:12,5
DA:13,5
DA:15,5
DA:16,3
DA:17,3
DA:18,3
DA:19,3
DA:21,0
DA:25,3
DA:28,5
DA:29,2
DA:32,4
DA:42,5
LF:23
LH:22
BRDA:18,0,0,3
BRDA:18,0,1,3
BRDA:47,1,0,5
BRDA:47,1,1,3
BRDA:50,2,0,5
BRDA:50,2,1,2
BRF:6
BRH:6
end_of_record
TN:
SF:src\pages\Search\SearchPage.tsx
FN:3,(anonymous_0)
FNF:1
FNH:1
FNDA:2,(anonymous_0)
DA:1,1
DA:3,1
DA:4,2
LF:3
LH:3
BRF:0
BRH:0
end_of_record
TN:
SF:src\utils\formattedCondition.ts
FN:1,(anonymous_0)
FNF:1
FNH:1
FNDA:8,(anonymous_0)
DA:1,4
DA:2,8
LF:2
LH:2
BRDA:2,0,0,4
BRDA:2,0,1,4
BRF:2
BRH:2
end_of_record
TN:
SF:src\utils\formattedPrice.ts
FN:1,(anonymous_0)
FNF:1
FNH:1
FNDA:6,(anonymous_0)
DA:1,6
LF:1
LH:1
BRF:0
BRH:0
end_of_record
